<?xml version="1.0" encoding="UTF-8"?>
<!-- Generated by org.testng.reporters.JUnitReportReporter -->
<testsuite hostname="DESKTOP-GUAR2BE" failures="0" tests="1" name="com.elearning.testcases.DemoTest" time="0.011" errors="0" timestamp="2024-08-07T09:29:44 IST" skipped="0">
  <testcase classname="com.elearning.testcases.DemoTest" name="testCheck" time="0.011"/>
</testsuite> <!-- com.elearning.testcases.DemoTest -->
